<?xml version="1.0" encoding="UTF-8"?>
<!-- Generated by org.testng.reporters.JUnitReportReporter -->
<testsuite hostname="DESKTOP-E6P2TPN" failures="0" tests="11" name="CucumberOptions.TestNGRunner" time="0.171" errors="0" timestamp="2024-01-15T20:02:24 IST" skipped="0">
  <testcase classname="CucumberOptions.TestNGRunner" name="runScenario" time="0.008"/>
  <system-out/>
  <testcase classname="CucumberOptions.TestNGRunner" name="runScenario" time="0.012"/>
  <system-out/>
  <testcase classname="CucumberOptions.TestNGRunner" name="runScenario" time="0.007"/>
  <system-out/>
  <testcase classname="CucumberOptions.TestNGRunner" name="runScenario" time="0.007"/>
  <system-out/>
  <testcase classname="CucumberOptions.TestNGRunner" name="runScenario" time="0.007"/>
  <system-out/>
  <testcase classname="CucumberOptions.TestNGRunner" name="runScenario" time="0.015"/>
  <system-out/>
  <testcase classname="CucumberOptions.TestNGRunner" name="runScenario" time="0.008"/>
  <system-out/>
  <testcase classname="CucumberOptions.TestNGRunner" name="runScenario" time="0.010"/>
  <system-out/>
  <testcase classname="CucumberOptions.TestNGRunner" name="runScenario" time="0.083"/>
  <system-out/>
  <testcase classname="CucumberOptions.TestNGRunner" name="runScenario" time="0.007"/>
  <system-out/>
  <testcase classname="CucumberOptions.TestNGRunner" name="runScenario" time="0.007"/>
  <system-out/>
</testsuite> <!-- CucumberOptions.TestNGRunner -->
